<?xml version="1.0" encoding="UTF-8"?>
<coverage generated="1641484398667" clover="3.2.0">
  <project timestamp="1641484398667" name="All files">
    <metrics statements="12" coveredstatements="3" conditionals="0" coveredconditionals="0" methods="3" coveredmethods="1" elements="15" coveredelements="4" complexity="0" loc="12" ncloc="12" packages="1" files="2" classes="2"/>
    <file name="App.js" path="/Users/nick/Development/canv/embed/widgets/packages/appointments/src/App.js">
      <metrics statements="3" coveredstatements="3" conditionals="0" coveredconditionals="0" methods="1" coveredmethods="1"/>
      <line num="5" count="1" type="stmt"/>
      <line num="11" count="1" type="stmt"/>
      <line num="12" count="1" type="stmt"/>
    </file>
    <file name="index.js" path="/Users/nick/Development/canv/embed/widgets/packages/appointments/src/index.js">
      <metrics statements="9" coveredstatements="0" conditionals="0" coveredconditionals="0" methods="2" coveredmethods="0"/>
      <line num="6" count="0" type="stmt"/>
      <line num="7" count="0" type="stmt"/>
      <line num="14" count="0" type="stmt"/>
      <line num="15" count="0" type="stmt"/>
      <line num="16" count="0" type="stmt"/>
      <line num="20" count="0" type="stmt"/>
      <line num="21" count="0" type="stmt"/>
      <line num="22" count="0" type="stmt"/>
      <line num="24" count="0" type="stmt"/>
    </file>
  </project>
</coverage>
